[debug] [2018-07-17T19:03:46.634Z] ----------------------------------------------------------------------
[debug] [2018-07-17T19:03:46.719Z] Command:       C:\Program Files\nodejs\node.exe C:\Users\Brandon\AppData\Roaming\npm\node_modules\firebase-tools\bin\firebase deploy
[debug] [2018-07-17T19:03:46.719Z] CLI Version:   3.19.3
[debug] [2018-07-17T19:03:46.719Z] Platform:      win32
[debug] [2018-07-17T19:03:46.719Z] Node Version:  v8.11.2
[debug] [2018-07-17T19:03:46.720Z] Time:          Wed Jul 18 2018 03:03:46 GMT+0800 (Malay Peninsula Standard Time)
[debug] [2018-07-17T19:03:46.720Z] ----------------------------------------------------------------------
[debug] 
[debug] [2018-07-17T19:03:46.743Z] > command requires scopes: ["email","openid","https://www.googleapis.com/auth/cloudplatformprojects.readonly","https://www.googleapis.com/auth/firebase","https://www.googleapis.com/auth/cloud-platform"]
[debug] [2018-07-17T19:03:46.744Z] > authorizing via signed-in user
[debug] [2018-07-17T19:03:46.747Z] >>> HTTP REQUEST GET https://admin.firebase.com/v1/projects/boliao-c8063  
  
 Wed Jul 18 2018 03:03:46 GMT+0800 (Malay Peninsula Standard Time)
[debug] [2018-07-17T19:03:47.942Z] <<< HTTP RESPONSE 200
[debug] [2018-07-17T19:03:47.942Z] >>> HTTP REQUEST GET https://admin.firebase.com/v1/database/boliao-c8063/tokens  
  
 Wed Jul 18 2018 03:03:47 GMT+0800 (Malay Peninsula Standard Time)
[debug] [2018-07-17T19:03:48.684Z] <<< HTTP RESPONSE 200
[info] 
[info] === Deploying to 'boliao-c8063'...
[info] 
[info] i  deploying functions
[info] Running command: npm --prefix "functions" run lint
[info] +  functions: Finished running predeploy script.
[debug] [2018-07-17T19:03:57.423Z] > [functions] package.json contents: {
  "name": "functions",
  "description": "Cloud Functions for Firebase",
  "scripts": {
    "lint": "eslint .",
    "serve": "firebase serve --only functions",
    "shell": "firebase functions:shell",
    "start": "npm run shell",
    "deploy": "firebase deploy --only functions",
    "logs": "firebase functions:log"
  },
  "dependencies": {
    "firebase-admin": "~5.12.1",
    "firebase-functions": "^1.0.3"
  },
  "devDependencies": {
    "eslint": "^4.12.0",
    "eslint-plugin-promise": "^3.6.0"
  },
  "private": true
}
[info] i  functions: ensuring necessary APIs are enabled...
[debug] [2018-07-17T19:03:57.432Z] >>> HTTP REQUEST GET https://servicemanagement.googleapis.com/v1/services/cloudfunctions.googleapis.com/projectSettings/boliao-c8063?view=CONSUMER_VIEW  
  
 Wed Jul 18 2018 03:03:57 GMT+0800 (Malay Peninsula Standard Time)
[debug] [2018-07-17T19:03:57.434Z] >>> HTTP REQUEST GET https://servicemanagement.googleapis.com/v1/services/runtimeconfig.googleapis.com/projectSettings/boliao-c8063?view=CONSUMER_VIEW  
  
 Wed Jul 18 2018 03:03:57 GMT+0800 (Malay Peninsula Standard Time)
[debug] [2018-07-17T19:03:59.308Z] <<< HTTP RESPONSE 200
[debug] [2018-07-17T19:03:59.391Z] <<< HTTP RESPONSE 200
[info] +  functions: all necessary APIs are enabled
[debug] [2018-07-17T19:03:59.398Z] >>> HTTP REQUEST GET https://cloudresourcemanager.googleapis.com/v1/projects/boliao-c8063  
  
 Wed Jul 18 2018 03:03:59 GMT+0800 (Malay Peninsula Standard Time)
[debug] [2018-07-17T19:04:00.636Z] <<< HTTP RESPONSE 200
[debug] [2018-07-17T19:04:00.637Z] >>> HTTP REQUEST GET https://mobilesdk-pa.googleapis.com/v1/projects/483011477930:getServerAppConfig  
  
 Wed Jul 18 2018 03:04:00 GMT+0800 (Malay Peninsula Standard Time)
[debug] [2018-07-17T19:04:01.979Z] <<< HTTP RESPONSE 200
[info] i  functions: preparing functions directory for uploading...
[debug] [2018-07-17T19:04:01.996Z] >>> HTTP REQUEST GET https://runtimeconfig.googleapis.com/v1beta1/projects/boliao-c8063/configs  
  
 Wed Jul 18 2018 03:04:01 GMT+0800 (Malay Peninsula Standard Time)
[debug] [2018-07-17T19:04:02.479Z] <<< HTTP RESPONSE 200
[info] i  functions: packaged functions (50.62 KB) for uploading
[debug] [2018-07-17T19:04:02.869Z] >>> HTTP REQUEST POST https://cloudfunctions.googleapis.com/v1/projects/boliao-c8063/locations/us-central1/functions:generateUploadUrl  
  
 Wed Jul 18 2018 03:04:02 GMT+0800 (Malay Peninsula Standard Time)
[debug] [2018-07-17T19:04:03.303Z] <<< HTTP RESPONSE 200
[debug] [2018-07-17T19:04:03.305Z] >>> HTTP REQUEST PUT https://storage.googleapis.com/gcf-upload-us-central1-88ef4d1e-9f5b-4124-9ca3-6fa756f71831/4f85b76b-1508-4344-b12d-4e2fcd434541.zip?GoogleAccessId=service-483011477930@gcf-admin-robot.iam.gserviceaccount.com&Expires=1531856041&Signature=SjDv2jsmQrr%2FWsxfPkpK5tv46nJbEDpBSipRpRkMEg0dw0CW2cueYk7QY3K2rd9dAcS1gUidRXfcAeZVdpUV3cLBXxWXWHme2ER7RKVrvWIOudY49D3qdJ6SRSzVXttwhuKdI8f2LIecjuBjzl22k%2FCI7nM5vq2%2F6%2BgwqCXxFexeUzQpRMs%2FvbphlXqrLmETOF%2BB31oxweCYfF6oePCP85bvfk2egjI%2FAnrDwMWawc7kMBjm%2Bh7kFiZPtrpRhn9RKaVzQEZN%2F3k1aY5AvQ7ZthtK%2Fo%2FAfj%2FTAdJVk4bPbROyr%2Ff3AauakxUySxJ9Miuy6n1xw5g6RSDojMnVcOHRuA%3D%3D  
 ReadStream {
  _readableState: 
   ReadableState {
     objectMode: false,
     highWaterMark: 65536,
     buffer: BufferList { head: [Object], tail: [Object], length: 1 },
     length: 51835,
     pipes: null,
     pipesCount: 0,
     flowing: null,
     ended: true,
     endEmitted: false,
     reading: false,
     sync: false,
     needReadable: false,
     emittedReadable: true,
     readableListening: false,
     resumeScheduled: false,
     destroyed: false,
     defaultEncoding: 'utf8',
     awaitDrain: 0,
     readingMore: false,
     decoder: null,
     encoding: null },
  readable: true,
  domain: null,
  _events: { end: [Function] },
  _eventsCount: 1,
  _maxListeners: undefined,
  path: 'C:\\Users\\Brandon\\AppData\\Local\\Temp\\firebase-functions-17624gowpoF4ZjnSi.zip',
  fd: 5,
  flags: 'r',
  mode: 438,
  start: undefined,
  end: Infinity,
  autoClose: true,
  pos: undefined,
  bytesRead: 51835 } 
 Wed Jul 18 2018 03:04:03 GMT+0800 (Malay Peninsula Standard Time)
[debug] [2018-07-17T19:04:03.914Z] <<< HTTP RESPONSE 200
[info] +  functions: functions folder uploaded successfully
[debug] [2018-07-17T19:04:03.929Z] >>> HTTP REQUEST GET https://cloudfunctions.googleapis.com/v1/projects/boliao-c8063/locations/us-central1/functions  
  
 Wed Jul 18 2018 03:04:03 GMT+0800 (Malay Peninsula Standard Time)
[debug] [2018-07-17T19:04:04.638Z] <<< HTTP RESPONSE 200
[info] i  functions: updating function sendEditNotification...
[debug] [2018-07-17T19:04:04.664Z] Trigger is:  {"eventTrigger":{"resource":"projects/_/instances/boliao-c8063/refs/editEventNotif/{groupId}/{notificationId}/{userId}","eventType":"providers/google.firebase.database/eventTypes/ref.create","service":"firebaseio.com"}}
[info] i  functions: updating function deleteEditNotification...
[debug] [2018-07-17T19:04:04.668Z] Trigger is:  {"eventTrigger":{"resource":"projects/_/instances/boliao-c8063/refs/editEventNotif/{groupId}/{notificationId}/{userId}","eventType":"providers/google.firebase.database/eventTypes/ref.create","service":"firebaseio.com"}}
[info] i  functions: updating function sendRemoveNotification...
[debug] [2018-07-17T19:04:04.671Z] Trigger is:  {"eventTrigger":{"resource":"projects/_/instances/boliao-c8063/refs/removeNotif/{groupId}/{notificationId}/{userId}","eventType":"providers/google.firebase.database/eventTypes/ref.create","service":"firebaseio.com"}}
[info] i  functions: updating function deleteRemoveNotification...
[debug] [2018-07-17T19:04:04.674Z] Trigger is:  {"eventTrigger":{"resource":"projects/_/instances/boliao-c8063/refs/removeNotif/{groupId}/{notificationId}/{userId}","eventType":"providers/google.firebase.database/eventTypes/ref.create","service":"firebaseio.com"}}
[info] i  functions: updating function sendDeleteNotification...
[debug] [2018-07-17T19:04:04.691Z] Trigger is:  {"eventTrigger":{"resource":"projects/_/instances/boliao-c8063/refs/deleteEventNotif/{groupId}/{groupName}/{notificationId}/{userId}","eventType":"providers/google.firebase.database/eventTypes/ref.create","service":"firebaseio.com"}}
[info] i  functions: updating function deleteDeleteNotification...
[debug] [2018-07-17T19:04:04.699Z] Trigger is:  {"eventTrigger":{"resource":"projects/_/instances/boliao-c8063/refs/deleteEventNotif/{groupId}/{groupName}/{notificationId}/{userId}","eventType":"providers/google.firebase.database/eventTypes/ref.create","service":"firebaseio.com"}}
[info] i  functions: updating function detectStartTimeChange...
[debug] [2018-07-17T19:04:04.700Z] Trigger is:  {"eventTrigger":{"resource":"projects/_/instances/boliao-c8063/refs/groups/{groupId}/startDateTime","eventType":"providers/google.firebase.database/eventTypes/ref.update","service":"firebaseio.com"}}
[info] i  functions: updating function detectNameChange...
[debug] [2018-07-17T19:04:04.724Z] Trigger is:  {"eventTrigger":{"resource":"projects/_/instances/boliao-c8063/refs/groups/{groupId}/names","eventType":"providers/google.firebase.database/eventTypes/ref.update","service":"firebaseio.com"}}
[debug] [2018-07-17T19:04:04.731Z] >>> HTTP REQUEST PATCH https://cloudfunctions.googleapis.com/v1/projects/boliao-c8063/locations/us-central1/functions/sendEditNotification 
query params: {"updateMask":"sourceUploadUrl,name,labels,eventTrigger.resource,eventTrigger.eventType,eventTrigger.service"} 
 { sourceUploadUrl: 'https://storage.googleapis.com/gcf-upload-us-central1-88ef4d1e-9f5b-4124-9ca3-6fa756f71831/4f85b76b-1508-4344-b12d-4e2fcd434541.zip?GoogleAccessId=service-483011477930@gcf-admin-robot.iam.gserviceaccount.com&Expires=1531856041&Signature=SjDv2jsmQrr%2FWsxfPkpK5tv46nJbEDpBSipRpRkMEg0dw0CW2cueYk7QY3K2rd9dAcS1gUidRXfcAeZVdpUV3cLBXxWXWHme2ER7RKVrvWIOudY49D3qdJ6SRSzVXttwhuKdI8f2LIecjuBjzl22k%2FCI7nM5vq2%2F6%2BgwqCXxFexeUzQpRMs%2FvbphlXqrLmETOF%2BB31oxweCYfF6oePCP85bvfk2egjI%2FAnrDwMWawc7kMBjm%2Bh7kFiZPtrpRhn9RKaVzQEZN%2F3k1aY5AvQ7ZthtK%2Fo%2FAfj%2FTAdJVk4bPbROyr%2Ff3AauakxUySxJ9Miuy6n1xw5g6RSDojMnVcOHRuA%3D%3D',
  name: 'projects/boliao-c8063/locations/us-central1/functions/sendEditNotification',
  labels: { 'deployment-tool': 'cli-firebase' },
  eventTrigger: 
   { resource: 'projects/_/instances/boliao-c8063/refs/editEventNotif/{groupId}/{notificationId}/{userId}',
     eventType: 'providers/google.firebase.database/eventTypes/ref.create',
     service: 'firebaseio.com' } } 
 Wed Jul 18 2018 03:04:04 GMT+0800 (Malay Peninsula Standard Time)
[debug] [2018-07-17T19:04:04.737Z] >>> HTTP REQUEST PATCH https://cloudfunctions.googleapis.com/v1/projects/boliao-c8063/locations/us-central1/functions/deleteEditNotification 
query params: {"updateMask":"sourceUploadUrl,name,labels,eventTrigger.resource,eventTrigger.eventType,eventTrigger.service"} 
 { sourceUploadUrl: 'https://storage.googleapis.com/gcf-upload-us-central1-88ef4d1e-9f5b-4124-9ca3-6fa756f71831/4f85b76b-1508-4344-b12d-4e2fcd434541.zip?GoogleAccessId=service-483011477930@gcf-admin-robot.iam.gserviceaccount.com&Expires=1531856041&Signature=SjDv2jsmQrr%2FWsxfPkpK5tv46nJbEDpBSipRpRkMEg0dw0CW2cueYk7QY3K2rd9dAcS1gUidRXfcAeZVdpUV3cLBXxWXWHme2ER7RKVrvWIOudY49D3qdJ6SRSzVXttwhuKdI8f2LIecjuBjzl22k%2FCI7nM5vq2%2F6%2BgwqCXxFexeUzQpRMs%2FvbphlXqrLmETOF%2BB31oxweCYfF6oePCP85bvfk2egjI%2FAnrDwMWawc7kMBjm%2Bh7kFiZPtrpRhn9RKaVzQEZN%2F3k1aY5AvQ7ZthtK%2Fo%2FAfj%2FTAdJVk4bPbROyr%2Ff3AauakxUySxJ9Miuy6n1xw5g6RSDojMnVcOHRuA%3D%3D',
  name: 'projects/boliao-c8063/locations/us-central1/functions/deleteEditNotification',
  labels: { 'deployment-tool': 'cli-firebase' },
  eventTrigger: 
   { resource: 'projects/_/instances/boliao-c8063/refs/editEventNotif/{groupId}/{notificationId}/{userId}',
     eventType: 'providers/google.firebase.database/eventTypes/ref.create',
     service: 'firebaseio.com' } } 
 Wed Jul 18 2018 03:04:04 GMT+0800 (Malay Peninsula Standard Time)
[debug] [2018-07-17T19:04:04.740Z] >>> HTTP REQUEST PATCH https://cloudfunctions.googleapis.com/v1/projects/boliao-c8063/locations/us-central1/functions/sendRemoveNotification 
query params: {"updateMask":"sourceUploadUrl,name,labels,eventTrigger.resource,eventTrigger.eventType,eventTrigger.service"} 
 { sourceUploadUrl: 'https://storage.googleapis.com/gcf-upload-us-central1-88ef4d1e-9f5b-4124-9ca3-6fa756f71831/4f85b76b-1508-4344-b12d-4e2fcd434541.zip?GoogleAccessId=service-483011477930@gcf-admin-robot.iam.gserviceaccount.com&Expires=1531856041&Signature=SjDv2jsmQrr%2FWsxfPkpK5tv46nJbEDpBSipRpRkMEg0dw0CW2cueYk7QY3K2rd9dAcS1gUidRXfcAeZVdpUV3cLBXxWXWHme2ER7RKVrvWIOudY49D3qdJ6SRSzVXttwhuKdI8f2LIecjuBjzl22k%2FCI7nM5vq2%2F6%2BgwqCXxFexeUzQpRMs%2FvbphlXqrLmETOF%2BB31oxweCYfF6oePCP85bvfk2egjI%2FAnrDwMWawc7kMBjm%2Bh7kFiZPtrpRhn9RKaVzQEZN%2F3k1aY5AvQ7ZthtK%2Fo%2FAfj%2FTAdJVk4bPbROyr%2Ff3AauakxUySxJ9Miuy6n1xw5g6RSDojMnVcOHRuA%3D%3D',
  name: 'projects/boliao-c8063/locations/us-central1/functions/sendRemoveNotification',
  labels: { 'deployment-tool': 'cli-firebase' },
  eventTrigger: 
   { resource: 'projects/_/instances/boliao-c8063/refs/removeNotif/{groupId}/{notificationId}/{userId}',
     eventType: 'providers/google.firebase.database/eventTypes/ref.create',
     service: 'firebaseio.com' } } 
 Wed Jul 18 2018 03:04:04 GMT+0800 (Malay Peninsula Standard Time)
[debug] [2018-07-17T19:04:04.741Z] >>> HTTP REQUEST PATCH https://cloudfunctions.googleapis.com/v1/projects/boliao-c8063/locations/us-central1/functions/deleteRemoveNotification 
query params: {"updateMask":"sourceUploadUrl,name,labels,eventTrigger.resource,eventTrigger.eventType,eventTrigger.service"} 
 { sourceUploadUrl: 'https://storage.googleapis.com/gcf-upload-us-central1-88ef4d1e-9f5b-4124-9ca3-6fa756f71831/4f85b76b-1508-4344-b12d-4e2fcd434541.zip?GoogleAccessId=service-483011477930@gcf-admin-robot.iam.gserviceaccount.com&Expires=1531856041&Signature=SjDv2jsmQrr%2FWsxfPkpK5tv46nJbEDpBSipRpRkMEg0dw0CW2cueYk7QY3K2rd9dAcS1gUidRXfcAeZVdpUV3cLBXxWXWHme2ER7RKVrvWIOudY49D3qdJ6SRSzVXttwhuKdI8f2LIecjuBjzl22k%2FCI7nM5vq2%2F6%2BgwqCXxFexeUzQpRMs%2FvbphlXqrLmETOF%2BB31oxweCYfF6oePCP85bvfk2egjI%2FAnrDwMWawc7kMBjm%2Bh7kFiZPtrpRhn9RKaVzQEZN%2F3k1aY5AvQ7ZthtK%2Fo%2FAfj%2FTAdJVk4bPbROyr%2Ff3AauakxUySxJ9Miuy6n1xw5g6RSDojMnVcOHRuA%3D%3D',
  name: 'projects/boliao-c8063/locations/us-central1/functions/deleteRemoveNotification',
  labels: { 'deployment-tool': 'cli-firebase' },
  eventTrigger: 
   { resource: 'projects/_/instances/boliao-c8063/refs/removeNotif/{groupId}/{notificationId}/{userId}',
     eventType: 'providers/google.firebase.database/eventTypes/ref.create',
     service: 'firebaseio.com' } } 
 Wed Jul 18 2018 03:04:04 GMT+0800 (Malay Peninsula Standard Time)
[debug] [2018-07-17T19:04:04.743Z] >>> HTTP REQUEST PATCH https://cloudfunctions.googleapis.com/v1/projects/boliao-c8063/locations/us-central1/functions/sendDeleteNotification 
query params: {"updateMask":"sourceUploadUrl,name,labels,eventTrigger.resource,eventTrigger.eventType,eventTrigger.service"} 
 { sourceUploadUrl: 'https://storage.googleapis.com/gcf-upload-us-central1-88ef4d1e-9f5b-4124-9ca3-6fa756f71831/4f85b76b-1508-4344-b12d-4e2fcd434541.zip?GoogleAccessId=service-483011477930@gcf-admin-robot.iam.gserviceaccount.com&Expires=1531856041&Signature=SjDv2jsmQrr%2FWsxfPkpK5tv46nJbEDpBSipRpRkMEg0dw0CW2cueYk7QY3K2rd9dAcS1gUidRXfcAeZVdpUV3cLBXxWXWHme2ER7RKVrvWIOudY49D3qdJ6SRSzVXttwhuKdI8f2LIecjuBjzl22k%2FCI7nM5vq2%2F6%2BgwqCXxFexeUzQpRMs%2FvbphlXqrLmETOF%2BB31oxweCYfF6oePCP85bvfk2egjI%2FAnrDwMWawc7kMBjm%2Bh7kFiZPtrpRhn9RKaVzQEZN%2F3k1aY5AvQ7ZthtK%2Fo%2FAfj%2FTAdJVk4bPbROyr%2Ff3AauakxUySxJ9Miuy6n1xw5g6RSDojMnVcOHRuA%3D%3D',
  name: 'projects/boliao-c8063/locations/us-central1/functions/sendDeleteNotification',
  labels: { 'deployment-tool': 'cli-firebase' },
  eventTrigger: 
   { resource: 'projects/_/instances/boliao-c8063/refs/deleteEventNotif/{groupId}/{groupName}/{notificationId}/{userId}',
     eventType: 'providers/google.firebase.database/eventTypes/ref.create',
     service: 'firebaseio.com' } } 
 Wed Jul 18 2018 03:04:04 GMT+0800 (Malay Peninsula Standard Time)
[debug] [2018-07-17T19:04:04.745Z] >>> HTTP REQUEST PATCH https://cloudfunctions.googleapis.com/v1/projects/boliao-c8063/locations/us-central1/functions/deleteDeleteNotification 
query params: {"updateMask":"sourceUploadUrl,name,labels,eventTrigger.resource,eventTrigger.eventType,eventTrigger.service"} 
 { sourceUploadUrl: 'https://storage.googleapis.com/gcf-upload-us-central1-88ef4d1e-9f5b-4124-9ca3-6fa756f71831/4f85b76b-1508-4344-b12d-4e2fcd434541.zip?GoogleAccessId=service-483011477930@gcf-admin-robot.iam.gserviceaccount.com&Expires=1531856041&Signature=SjDv2jsmQrr%2FWsxfPkpK5tv46nJbEDpBSipRpRkMEg0dw0CW2cueYk7QY3K2rd9dAcS1gUidRXfcAeZVdpUV3cLBXxWXWHme2ER7RKVrvWIOudY49D3qdJ6SRSzVXttwhuKdI8f2LIecjuBjzl22k%2FCI7nM5vq2%2F6%2BgwqCXxFexeUzQpRMs%2FvbphlXqrLmETOF%2BB31oxweCYfF6oePCP85bvfk2egjI%2FAnrDwMWawc7kMBjm%2Bh7kFiZPtrpRhn9RKaVzQEZN%2F3k1aY5AvQ7ZthtK%2Fo%2FAfj%2FTAdJVk4bPbROyr%2Ff3AauakxUySxJ9Miuy6n1xw5g6RSDojMnVcOHRuA%3D%3D',
  name: 'projects/boliao-c8063/locations/us-central1/functions/deleteDeleteNotification',
  labels: { 'deployment-tool': 'cli-firebase' },
  eventTrigger: 
   { resource: 'projects/_/instances/boliao-c8063/refs/deleteEventNotif/{groupId}/{groupName}/{notificationId}/{userId}',
     eventType: 'providers/google.firebase.database/eventTypes/ref.create',
     service: 'firebaseio.com' } } 
 Wed Jul 18 2018 03:04:04 GMT+0800 (Malay Peninsula Standard Time)
[debug] [2018-07-17T19:04:04.754Z] >>> HTTP REQUEST PATCH https://cloudfunctions.googleapis.com/v1/projects/boliao-c8063/locations/us-central1/functions/detectStartTimeChange 
query params: {"updateMask":"sourceUploadUrl,name,labels,eventTrigger.resource,eventTrigger.eventType,eventTrigger.service"} 
 { sourceUploadUrl: 'https://storage.googleapis.com/gcf-upload-us-central1-88ef4d1e-9f5b-4124-9ca3-6fa756f71831/4f85b76b-1508-4344-b12d-4e2fcd434541.zip?GoogleAccessId=service-483011477930@gcf-admin-robot.iam.gserviceaccount.com&Expires=1531856041&Signature=SjDv2jsmQrr%2FWsxfPkpK5tv46nJbEDpBSipRpRkMEg0dw0CW2cueYk7QY3K2rd9dAcS1gUidRXfcAeZVdpUV3cLBXxWXWHme2ER7RKVrvWIOudY49D3qdJ6SRSzVXttwhuKdI8f2LIecjuBjzl22k%2FCI7nM5vq2%2F6%2BgwqCXxFexeUzQpRMs%2FvbphlXqrLmETOF%2BB31oxweCYfF6oePCP85bvfk2egjI%2FAnrDwMWawc7kMBjm%2Bh7kFiZPtrpRhn9RKaVzQEZN%2F3k1aY5AvQ7ZthtK%2Fo%2FAfj%2FTAdJVk4bPbROyr%2Ff3AauakxUySxJ9Miuy6n1xw5g6RSDojMnVcOHRuA%3D%3D',
  name: 'projects/boliao-c8063/locations/us-central1/functions/detectStartTimeChange',
  labels: { 'deployment-tool': 'cli-firebase' },
  eventTrigger: 
   { resource: 'projects/_/instances/boliao-c8063/refs/groups/{groupId}/startDateTime',
     eventType: 'providers/google.firebase.database/eventTypes/ref.update',
     service: 'firebaseio.com' } } 
 Wed Jul 18 2018 03:04:04 GMT+0800 (Malay Peninsula Standard Time)
[debug] [2018-07-17T19:04:04.756Z] >>> HTTP REQUEST PATCH https://cloudfunctions.googleapis.com/v1/projects/boliao-c8063/locations/us-central1/functions/detectNameChange 
query params: {"updateMask":"sourceUploadUrl,name,labels,eventTrigger.resource,eventTrigger.eventType,eventTrigger.service"} 
 { sourceUploadUrl: 'https://storage.googleapis.com/gcf-upload-us-central1-88ef4d1e-9f5b-4124-9ca3-6fa756f71831/4f85b76b-1508-4344-b12d-4e2fcd434541.zip?GoogleAccessId=service-483011477930@gcf-admin-robot.iam.gserviceaccount.com&Expires=1531856041&Signature=SjDv2jsmQrr%2FWsxfPkpK5tv46nJbEDpBSipRpRkMEg0dw0CW2cueYk7QY3K2rd9dAcS1gUidRXfcAeZVdpUV3cLBXxWXWHme2ER7RKVrvWIOudY49D3qdJ6SRSzVXttwhuKdI8f2LIecjuBjzl22k%2FCI7nM5vq2%2F6%2BgwqCXxFexeUzQpRMs%2FvbphlXqrLmETOF%2BB31oxweCYfF6oePCP85bvfk2egjI%2FAnrDwMWawc7kMBjm%2Bh7kFiZPtrpRhn9RKaVzQEZN%2F3k1aY5AvQ7ZthtK%2Fo%2FAfj%2FTAdJVk4bPbROyr%2Ff3AauakxUySxJ9Miuy6n1xw5g6RSDojMnVcOHRuA%3D%3D',
  name: 'projects/boliao-c8063/locations/us-central1/functions/detectNameChange',
  labels: { 'deployment-tool': 'cli-firebase' },
  eventTrigger: 
   { resource: 'projects/_/instances/boliao-c8063/refs/groups/{groupId}/names',
     eventType: 'providers/google.firebase.database/eventTypes/ref.update',
     service: 'firebaseio.com' } } 
 Wed Jul 18 2018 03:04:04 GMT+0800 (Malay Peninsula Standard Time)
[debug] [2018-07-17T19:04:05.244Z] <<< HTTP RESPONSE 200
[debug] [2018-07-17T19:04:05.249Z] <<< HTTP RESPONSE 200
[debug] [2018-07-17T19:04:05.451Z] <<< HTTP RESPONSE 200
[debug] [2018-07-17T19:04:05.454Z] <<< HTTP RESPONSE 200
[debug] [2018-07-17T19:04:05.658Z] <<< HTTP RESPONSE 200
[debug] [2018-07-17T19:04:05.660Z] <<< HTTP RESPONSE 200
[debug] [2018-07-17T19:04:05.747Z] <<< HTTP RESPONSE 200
[debug] [2018-07-17T19:04:05.812Z] <<< HTTP RESPONSE 200
[debug] [2018-07-17T19:04:05.817Z] >>> HTTP REQUEST GET https://cloudfunctions.googleapis.com/v1/operations/Ym9saWFvLWM4MDYzL3VzLWNlbnRyYWwxL3NlbmRFZGl0Tm90aWZpY2F0aW9uL2xTZklkMkt2Q2JZ  
  
 Wed Jul 18 2018 03:04:05 GMT+0800 (Malay Peninsula Standard Time)
[debug] [2018-07-17T19:04:05.818Z] >>> HTTP REQUEST GET https://cloudfunctions.googleapis.com/v1/operations/Ym9saWFvLWM4MDYzL3VzLWNlbnRyYWwxL2RlbGV0ZUVkaXROb3RpZmljYXRpb24vSVJMSGpfeHhxM0U  
  
 Wed Jul 18 2018 03:04:05 GMT+0800 (Malay Peninsula Standard Time)
[debug] [2018-07-17T19:04:05.819Z] >>> HTTP REQUEST GET https://cloudfunctions.googleapis.com/v1/operations/Ym9saWFvLWM4MDYzL3VzLWNlbnRyYWwxL3NlbmRSZW1vdmVOb3RpZmljYXRpb24vWXJzdTgwcjZCM2s  
  
 Wed Jul 18 2018 03:04:05 GMT+0800 (Malay Peninsula Standard Time)
[debug] [2018-07-17T19:04:05.819Z] >>> HTTP REQUEST GET https://cloudfunctions.googleapis.com/v1/operations/Ym9saWFvLWM4MDYzL3VzLWNlbnRyYWwxL2RlbGV0ZVJlbW92ZU5vdGlmaWNhdGlvbi8tbEJWOTBYU0phYw  
  
 Wed Jul 18 2018 03:04:05 GMT+0800 (Malay Peninsula Standard Time)
[debug] [2018-07-17T19:04:05.820Z] >>> HTTP REQUEST GET https://cloudfunctions.googleapis.com/v1/operations/Ym9saWFvLWM4MDYzL3VzLWNlbnRyYWwxL3NlbmREZWxldGVOb3RpZmljYXRpb24vWUdIOUdUdXloWXc  
  
 Wed Jul 18 2018 03:04:05 GMT+0800 (Malay Peninsula Standard Time)
[debug] [2018-07-17T19:04:05.821Z] >>> HTTP REQUEST GET https://cloudfunctions.googleapis.com/v1/operations/Ym9saWFvLWM4MDYzL3VzLWNlbnRyYWwxL2RlbGV0ZURlbGV0ZU5vdGlmaWNhdGlvbi9SNE1YMkhHLXBJSQ  
  
 Wed Jul 18 2018 03:04:05 GMT+0800 (Malay Peninsula Standard Time)
[debug] [2018-07-17T19:04:05.821Z] >>> HTTP REQUEST GET https://cloudfunctions.googleapis.com/v1/operations/Ym9saWFvLWM4MDYzL3VzLWNlbnRyYWwxL2RldGVjdFN0YXJ0VGltZUNoYW5nZS9VNGYyUHMwSFhlQQ  
  
 Wed Jul 18 2018 03:04:05 GMT+0800 (Malay Peninsula Standard Time)
[debug] [2018-07-17T19:04:05.822Z] >>> HTTP REQUEST GET https://cloudfunctions.googleapis.com/v1/operations/Ym9saWFvLWM4MDYzL3VzLWNlbnRyYWwxL2RldGVjdE5hbWVDaGFuZ2UveEdFYWNsLW15ZzQ  
  
 Wed Jul 18 2018 03:04:05 GMT+0800 (Malay Peninsula Standard Time)
[debug] [2018-07-17T19:04:06.168Z] <<< HTTP RESPONSE 200
[debug] [2018-07-17T19:04:06.175Z] <<< HTTP RESPONSE 200
[debug] [2018-07-17T19:04:06.176Z] <<< HTTP RESPONSE 200
[debug] [2018-07-17T19:04:06.480Z] <<< HTTP RESPONSE 200
[debug] [2018-07-17T19:04:06.487Z] <<< HTTP RESPONSE 200
[debug] [2018-07-17T19:04:06.490Z] <<< HTTP RESPONSE 200
[debug] [2018-07-17T19:04:06.493Z] <<< HTTP RESPONSE 200
[debug] [2018-07-17T19:04:06.494Z] <<< HTTP RESPONSE 200
[debug] [2018-07-17T19:04:08.171Z] >>> HTTP REQUEST GET https://cloudfunctions.googleapis.com/v1/operations/Ym9saWFvLWM4MDYzL3VzLWNlbnRyYWwxL2RlbGV0ZURlbGV0ZU5vdGlmaWNhdGlvbi9SNE1YMkhHLXBJSQ  
  
 Wed Jul 18 2018 03:04:08 GMT+0800 (Malay Peninsula Standard Time)
[debug] [2018-07-17T19:04:08.177Z] >>> HTTP REQUEST GET https://cloudfunctions.googleapis.com/v1/operations/Ym9saWFvLWM4MDYzL3VzLWNlbnRyYWwxL3NlbmREZWxldGVOb3RpZmljYXRpb24vWUdIOUdUdXloWXc  
  
 Wed Jul 18 2018 03:04:08 GMT+0800 (Malay Peninsula Standard Time)
[debug] [2018-07-17T19:04:08.179Z] >>> HTTP REQUEST GET https://cloudfunctions.googleapis.com/v1/operations/Ym9saWFvLWM4MDYzL3VzLWNlbnRyYWwxL2RldGVjdE5hbWVDaGFuZ2UveEdFYWNsLW15ZzQ  
  
 Wed Jul 18 2018 03:04:08 GMT+0800 (Malay Peninsula Standard Time)
[debug] [2018-07-17T19:04:08.480Z] >>> HTTP REQUEST GET https://cloudfunctions.googleapis.com/v1/operations/Ym9saWFvLWM4MDYzL3VzLWNlbnRyYWwxL3NlbmRSZW1vdmVOb3RpZmljYXRpb24vWXJzdTgwcjZCM2s  
  
 Wed Jul 18 2018 03:04:08 GMT+0800 (Malay Peninsula Standard Time)
[debug] [2018-07-17T19:04:08.488Z] >>> HTTP REQUEST GET https://cloudfunctions.googleapis.com/v1/operations/Ym9saWFvLWM4MDYzL3VzLWNlbnRyYWwxL3NlbmRFZGl0Tm90aWZpY2F0aW9uL2xTZklkMkt2Q2JZ  
  
 Wed Jul 18 2018 03:04:08 GMT+0800 (Malay Peninsula Standard Time)
[debug] [2018-07-17T19:04:08.490Z] >>> HTTP REQUEST GET https://cloudfunctions.googleapis.com/v1/operations/Ym9saWFvLWM4MDYzL3VzLWNlbnRyYWwxL2RlbGV0ZUVkaXROb3RpZmljYXRpb24vSVJMSGpfeHhxM0U  
  
 Wed Jul 18 2018 03:04:08 GMT+0800 (Malay Peninsula Standard Time)
[debug] [2018-07-17T19:04:08.492Z] >>> HTTP REQUEST GET https://cloudfunctions.googleapis.com/v1/operations/Ym9saWFvLWM4MDYzL3VzLWNlbnRyYWwxL2RlbGV0ZVJlbW92ZU5vdGlmaWNhdGlvbi8tbEJWOTBYU0phYw  
  
 Wed Jul 18 2018 03:04:08 GMT+0800 (Malay Peninsula Standard Time)
[debug] [2018-07-17T19:04:08.495Z] >>> HTTP REQUEST GET https://cloudfunctions.googleapis.com/v1/operations/Ym9saWFvLWM4MDYzL3VzLWNlbnRyYWwxL2RldGVjdFN0YXJ0VGltZUNoYW5nZS9VNGYyUHMwSFhlQQ  
  
 Wed Jul 18 2018 03:04:08 GMT+0800 (Malay Peninsula Standard Time)
[debug] [2018-07-17T19:04:08.830Z] <<< HTTP RESPONSE 200
[debug] [2018-07-17T19:04:08.831Z] <<< HTTP RESPONSE 200
[debug] [2018-07-17T19:04:08.832Z] <<< HTTP RESPONSE 200
[debug] [2018-07-17T19:04:09.135Z] <<< HTTP RESPONSE 200
[debug] [2018-07-17T19:04:09.136Z] <<< HTTP RESPONSE 200
[debug] [2018-07-17T19:04:09.137Z] <<< HTTP RESPONSE 200
[debug] [2018-07-17T19:04:09.194Z] <<< HTTP RESPONSE 200
[debug] [2018-07-17T19:04:09.251Z] <<< HTTP RESPONSE 200
[debug] [2018-07-17T19:04:10.831Z] >>> HTTP REQUEST GET https://cloudfunctions.googleapis.com/v1/operations/Ym9saWFvLWM4MDYzL3VzLWNlbnRyYWwxL3NlbmREZWxldGVOb3RpZmljYXRpb24vWUdIOUdUdXloWXc  
  
 Wed Jul 18 2018 03:04:10 GMT+0800 (Malay Peninsula Standard Time)
[debug] [2018-07-17T19:04:10.831Z] >>> HTTP REQUEST GET https://cloudfunctions.googleapis.com/v1/operations/Ym9saWFvLWM4MDYzL3VzLWNlbnRyYWwxL2RldGVjdE5hbWVDaGFuZ2UveEdFYWNsLW15ZzQ  
  
 Wed Jul 18 2018 03:04:10 GMT+0800 (Malay Peninsula Standard Time)
[debug] [2018-07-17T19:04:10.832Z] >>> HTTP REQUEST GET https://cloudfunctions.googleapis.com/v1/operations/Ym9saWFvLWM4MDYzL3VzLWNlbnRyYWwxL2RlbGV0ZURlbGV0ZU5vdGlmaWNhdGlvbi9SNE1YMkhHLXBJSQ  
  
 Wed Jul 18 2018 03:04:10 GMT+0800 (Malay Peninsula Standard Time)
[debug] [2018-07-17T19:04:11.136Z] >>> HTTP REQUEST GET https://cloudfunctions.googleapis.com/v1/operations/Ym9saWFvLWM4MDYzL3VzLWNlbnRyYWwxL2RlbGV0ZVJlbW92ZU5vdGlmaWNhdGlvbi8tbEJWOTBYU0phYw  
  
 Wed Jul 18 2018 03:04:11 GMT+0800 (Malay Peninsula Standard Time)
[debug] [2018-07-17T19:04:11.138Z] >>> HTTP REQUEST GET https://cloudfunctions.googleapis.com/v1/operations/Ym9saWFvLWM4MDYzL3VzLWNlbnRyYWwxL2RldGVjdFN0YXJ0VGltZUNoYW5nZS9VNGYyUHMwSFhlQQ  
  
 Wed Jul 18 2018 03:04:11 GMT+0800 (Malay Peninsula Standard Time)
[debug] [2018-07-17T19:04:11.138Z] >>> HTTP REQUEST GET https://cloudfunctions.googleapis.com/v1/operations/Ym9saWFvLWM4MDYzL3VzLWNlbnRyYWwxL3NlbmRFZGl0Tm90aWZpY2F0aW9uL2xTZklkMkt2Q2JZ  
  
 Wed Jul 18 2018 03:04:11 GMT+0800 (Malay Peninsula Standard Time)
[debug] [2018-07-17T19:04:11.195Z] >>> HTTP REQUEST GET https://cloudfunctions.googleapis.com/v1/operations/Ym9saWFvLWM4MDYzL3VzLWNlbnRyYWwxL3NlbmRSZW1vdmVOb3RpZmljYXRpb24vWXJzdTgwcjZCM2s  
  
 Wed Jul 18 2018 03:04:11 GMT+0800 (Malay Peninsula Standard Time)
[debug] [2018-07-17T19:04:11.252Z] >>> HTTP REQUEST GET https://cloudfunctions.googleapis.com/v1/operations/Ym9saWFvLWM4MDYzL3VzLWNlbnRyYWwxL2RlbGV0ZUVkaXROb3RpZmljYXRpb24vSVJMSGpfeHhxM0U  
  
 Wed Jul 18 2018 03:04:11 GMT+0800 (Malay Peninsula Standard Time)
[debug] [2018-07-17T19:04:11.402Z] <<< HTTP RESPONSE 200
[debug] [2018-07-17T19:04:11.412Z] <<< HTTP RESPONSE 200
[debug] [2018-07-17T19:04:11.442Z] <<< HTTP RESPONSE 200
[debug] [2018-07-17T19:04:11.535Z] <<< HTTP RESPONSE 200
