[debug] [2018-06-27T14:02:02.939Z] ----------------------------------------------------------------------
[debug] [2018-06-27T14:02:02.942Z] Command:       C:\Program Files\nodejs\node.exe C:\Users\Brandon\AppData\Roaming\npm\node_modules\firebase-tools\bin\firebase deploy
[debug] [2018-06-27T14:02:02.942Z] CLI Version:   3.19.1
[debug] [2018-06-27T14:02:02.942Z] Platform:      win32
[debug] [2018-06-27T14:02:02.942Z] Node Version:  v8.11.2
[debug] [2018-06-27T14:02:02.943Z] Time:          Wed Jun 27 2018 22:02:02 GMT+0800 (Malay Peninsula Standard Time)
[debug] [2018-06-27T14:02:02.943Z] ----------------------------------------------------------------------
[debug] 
[debug] [2018-06-27T14:02:02.966Z] > command requires scopes: ["email","openid","https://www.googleapis.com/auth/cloudplatformprojects.readonly","https://www.googleapis.com/auth/firebase","https://www.googleapis.com/auth/cloud-platform"]
[debug] [2018-06-27T14:02:02.967Z] > authorizing via signed-in user
[debug] [2018-06-27T14:02:02.974Z] >>> HTTP REQUEST GET https://admin.firebase.com/v1/projects/boliao-c8063  
  
 Wed Jun 27 2018 22:02:02 GMT+0800 (Malay Peninsula Standard Time)
[debug] [2018-06-27T14:02:05.344Z] <<< HTTP RESPONSE 200
[debug] [2018-06-27T14:02:05.345Z] >>> HTTP REQUEST GET https://admin.firebase.com/v1/database/boliao-c8063/tokens  
  
 Wed Jun 27 2018 22:02:05 GMT+0800 (Malay Peninsula Standard Time)
[debug] [2018-06-27T14:02:06.334Z] <<< HTTP RESPONSE 200
[info] 
[info] === Deploying to 'boliao-c8063'...
[info] 
[info] i  deploying functions
[info] Running command: npm --prefix "$RESOURCE_DIR" run lint
[info] +  functions: Finished running predeploy script.
[debug] [2018-06-27T14:02:14.847Z] > [functions] package.json contents: {
  "name": "functions",
  "description": "Cloud Functions for Firebase",
  "scripts": {
    "lint": "eslint .",
    "serve": "firebase serve --only functions",
    "shell": "firebase functions:shell",
    "start": "npm run shell",
    "deploy": "firebase deploy --only functions",
    "logs": "firebase functions:log"
  },
  "dependencies": {
    "firebase-admin": "~5.12.1",
    "firebase-functions": "^1.0.3"
  },
  "devDependencies": {
    "eslint": "^4.12.0",
    "eslint-plugin-promise": "^3.6.0"
  },
  "private": true
}
[info] i  functions: ensuring necessary APIs are enabled...
[debug] [2018-06-27T14:02:14.862Z] >>> HTTP REQUEST GET https://servicemanagement.googleapis.com/v1/services/cloudfunctions.googleapis.com/projectSettings/boliao-c8063?view=CONSUMER_VIEW  
  
 Wed Jun 27 2018 22:02:14 GMT+0800 (Malay Peninsula Standard Time)
[debug] [2018-06-27T14:02:14.863Z] >>> HTTP REQUEST GET https://servicemanagement.googleapis.com/v1/services/runtimeconfig.googleapis.com/projectSettings/boliao-c8063?view=CONSUMER_VIEW  
  
 Wed Jun 27 2018 22:02:14 GMT+0800 (Malay Peninsula Standard Time)
[debug] [2018-06-27T14:02:17.031Z] <<< HTTP RESPONSE 200
[debug] [2018-06-27T14:02:17.107Z] <<< HTTP RESPONSE 200
[info] +  functions: all necessary APIs are enabled
[debug] [2018-06-27T14:02:17.119Z] >>> HTTP REQUEST GET https://cloudresourcemanager.googleapis.com/v1/projects/boliao-c8063  
  
 Wed Jun 27 2018 22:02:17 GMT+0800 (Malay Peninsula Standard Time)
[debug] [2018-06-27T14:02:18.558Z] <<< HTTP RESPONSE 200
[debug] [2018-06-27T14:02:18.559Z] >>> HTTP REQUEST GET https://mobilesdk-pa.googleapis.com/v1/projects/483011477930:getServerAppConfig  
  
 Wed Jun 27 2018 22:02:18 GMT+0800 (Malay Peninsula Standard Time)
[debug] [2018-06-27T14:02:19.157Z] <<< HTTP RESPONSE 200
[info] i  functions: preparing functions directory for uploading...
[debug] [2018-06-27T14:02:19.201Z] >>> HTTP REQUEST GET https://runtimeconfig.googleapis.com/v1beta1/projects/boliao-c8063/configs  
  
 Wed Jun 27 2018 22:02:19 GMT+0800 (Malay Peninsula Standard Time)
[debug] [2018-06-27T14:02:19.985Z] <<< HTTP RESPONSE 200
[info] i  functions: packaged functions (49.46 KB) for uploading
[debug] [2018-06-27T14:02:20.458Z] >>> HTTP REQUEST POST https://cloudfunctions.googleapis.com/v1/projects/boliao-c8063/locations/us-central1/functions:generateUploadUrl  
  
 Wed Jun 27 2018 22:02:20 GMT+0800 (Malay Peninsula Standard Time)
[debug] [2018-06-27T14:02:50.916Z] <<< HTTP RESPONSE 503
[debug] [2018-06-27T14:02:50.916Z] <<< HTTP RESPONSE BODY {
  "error": {
    "code": 503,
    "message": "The service is currently unavailable.",
    "status": "UNAVAILABLE"
  }
}

[debug] [2018-06-27T14:02:50.920Z] TypeError: Cannot create property 'error' on string '{
  "error": {
    "code": 503,
    "message": "The service is currently unavailable.",
    "status": "UNAVAILABLE"
  }
}
'
    at module.exports (C:\Users\Brandon\AppData\Roaming\npm\node_modules\firebase-tools\lib\responseToError.js:11:16)
    at Request._callback (C:\Users\Brandon\AppData\Roaming\npm\node_modules\firebase-tools\lib\api.js:47:25)
    at Request.self.callback (C:\Users\Brandon\AppData\Roaming\npm\node_modules\firebase-tools\node_modules\request\request.js:185:22)
    at emitTwo (events.js:126:13)
    at Request.emit (events.js:214:7)
    at Request.<anonymous> (C:\Users\Brandon\AppData\Roaming\npm\node_modules\firebase-tools\node_modules\request\request.js:1157:10)
    at emitOne (events.js:116:13)
    at Request.emit (events.js:211:7)
    at IncomingMessage.<anonymous> (C:\Users\Brandon\AppData\Roaming\npm\node_modules\firebase-tools\node_modules\request\request.js:1079:12)
    at Object.onceWrapper (events.js:313:30)
[error] 
[error] Error: An unexpected error has occurred.
